# JRE version: Java(TM) SE Runtime Environment (8.0_20-b26) (build 1.8.0_20-b26)
# Java VM: Java HotSpot(TM) 64-Bit Server VM (25.20-b23 mixed mode windows-amd64 compressed oops)
Heap:
 PSYoungGen      total 97280K, used 61911K [0x00000000eb400000, 0x00000000f1b80000, 0x0000000100000000)
  eden space 96768K, 63% used [0x00000000eb400000,0x00000000ef065d58,0x00000000f1280000)
  from space 512K, 12% used [0x00000000f1b00000,0x00000000f1b10000,0x00000000f1b80000)
  to   space 3072K, 0% used [0x00000000f1580000,0x00000000f1580000,0x00000000f1880000)
 ParOldGen       total 44032K, used 4835K [0x00000000c1c00000, 0x00000000c4700000, 0x00000000eb400000)
  object space 44032K, 10% used [0x00000000c1c00000,0x00000000c20b8fa0,0x00000000c4700000)
 Metaspace       used 12151K, capacity 12354K, committed 12672K, reserved 1060864K
  class space    used 1526K, capacity 1573K, committed 1664K, reserved 1048576K
GC Heap History (10 events):
Event: 7.178 GC heap before
{Heap before GC invocations=12 (full 0):
 PSYoungGen      total 108032K, used 105024K [0x00000000eb400000, 0x00000000f2080000, 0x0000000100000000)
  eden space 104960K, 100% used [0x00000000eb400000,0x00000000f1a80000,0x00000000f1a80000)
  from space 3072K, 2% used [0x00000000f1a80000,0x00000000f1a90000,0x00000000f1d80000)
  to   space 3072K, 0% used [0x00000000f1d80000,0x00000000f1d80000,0x00000000f2080000)
 ParOldGen       total 44032K, used 4779K [0x00000000c1c00000, 0x00000000c4700000, 0x00000000eb400000)
  object space 44032K, 10% used [0x00000000c1c00000,0x00000000c20aafa0,0x00000000c4700000)
 Metaspace       used 12016K, capacity 12226K, committed 12416K, reserved 1060864K
  class space    used 1526K, capacity 1573K, committed 1664K, reserved 1048576K
Event: 7.178 GC heap after
Heap after GC invocations=12 (full 0):
 PSYoungGen      total 108032K, used 32K [0x00000000eb400000, 0x00000000f2080000, 0x0000000100000000)
  eden space 104960K, 0% used [0x00000000eb400000,0x00000000eb400000,0x00000000f1a80000)
  from space 3072K, 1% used [0x00000000f1d80000,0x00000000f1d88000,0x00000000f2080000)
  to   space 3072K, 0% used [0x00000000f1a80000,0x00000000f1a80000,0x00000000f1d80000)
 ParOldGen       total 44032K, used 4795K [0x00000000c1c00000, 0x00000000c4700000, 0x00000000eb400000)
  object space 44032K, 10% used [0x00000000c1c00000,0x00000000c20aefa0,0x00000000c4700000)
 Metaspace       used 12016K, capacity 12226K, committed 12416K, reserved 1060864K
  class space    used 1526K, capacity 1573K, committed 1664K, reserved 1048576K
}
Event: 7.418 GC heap before
{Heap before GC invocations=13 (full 0):
 PSYoungGen      total 108032K, used 104992K [0x00000000eb400000, 0x00000000f2080000, 0x0000000100000000)
  eden space 104960K, 100% used [0x00000000eb400000,0x00000000f1a80000,0x00000000f1a80000)
  from space 3072K, 1% used [0x00000000f1d80000,0x00000000f1d88000,0x00000000f2080000)
  to   space 3072K, 0% used [0x00000000f1a80000,0x00000000f1a80000,0x00000000f1d80000)
 ParOldGen       total 44032K, used 4795K [0x00000000c1c00000, 0x00000000c4700000, 0x00000000eb400000)
  object space 44032K, 10% used [0x00000000c1c00000,0x00000000c20aefa0,0x00000000c4700000)
 Metaspace       used 12022K, capacity 12226K, committed 12416K, reserved 1060864K
  class space    used 1526K, capacity 1573K, committed 1664K, reserved 1048576K
Event: 7.419 GC heap after
Heap after GC invocations=13 (full 0):
 PSYoungGen      total 108032K, used 64K [0x00000000eb400000, 0x00000000f2080000, 0x0000000100000000)
  eden space 104960K, 0% used [0x00000000eb400000,0x00000000eb400000,0x00000000f1a80000)
  from space 3072K, 2% used [0x00000000f1a80000,0x00000000f1a90000,0x00000000f1d80000)
  to   space 3072K, 0% used [0x00000000f1d80000,0x00000000f1d80000,0x00000000f2080000)
 ParOldGen       total 44032K, used 4803K [0x00000000c1c00000, 0x00000000c4700000, 0x00000000eb400000)
  object space 44032K, 10% used [0x00000000c1c00000,0x00000000c20b0fa0,0x00000000c4700000)
 Metaspace       used 12022K, capacity 12226K, committed 12416K, reserved 1060864K
  class space    used 1526K, capacity 1573K, committed 1664K, reserved 1048576K
}
Event: 7.967 GC heap before
{Heap before GC invocations=14 (full 0):
 PSYoungGen      total 108032K, used 105024K [0x00000000eb400000, 0x00000000f2080000, 0x0000000100000000)
  eden space 104960K, 100% used [0x00000000eb400000,0x00000000f1a80000,0x00000000f1a80000)
  from space 3072K, 2% used [0x00000000f1a80000,0x00000000f1a90000,0x00000000f1d80000)
  to   space 3072K, 0% used [0x00000000f1d80000,0x00000000f1d80000,0x00000000f2080000)
 ParOldGen       total 44032K, used 4803K [0x00000000c1c00000, 0x00000000c4700000, 0x00000000eb400000)
  object space 44032K, 10% used [0x00000000c1c00000,0x00000000c20b0fa0,0x00000000c4700000)
 Metaspace       used 12077K, capacity 12226K, committed 12416K, reserved 1060864K
  class space    used 1526K, capacity 1573K, committed 1664K, reserved 1048576K
Event: 7.967 GC heap after
Heap after GC invocations=14 (full 0):
 PSYoungGen      total 108032K, used 64K [0x00000000eb400000, 0x00000000f2080000, 0x0000000100000000)
  eden space 104960K, 0% used [0x00000000eb400000,0x00000000eb400000,0x00000000f1a80000)
  from space 3072K, 2% used [0x00000000f1d80000,0x00000000f1d90000,0x00000000f2080000)
  to   space 3072K, 0% used [0x00000000f1a80000,0x00000000f1a80000,0x00000000f1d80000)
 ParOldGen       total 44032K, used 4811K [0x00000000c1c00000, 0x00000000c4700000, 0x00000000eb400000)
  object space 44032K, 10% used [0x00000000c1c00000,0x00000000c20b2fa0,0x00000000c4700000)
 Metaspace       used 12077K, capacity 12226K, committed 12416K, reserved 1060864K
  class space    used 1526K, capacity 1573K, committed 1664K, reserved 1048576K
}
Event: 8.177 GC heap before
{Heap before GC invocations=15 (full 0):
 PSYoungGen      total 108032K, used 105024K [0x00000000eb400000, 0x00000000f2080000, 0x0000000100000000)
  eden space 104960K, 100% used [0x00000000eb400000,0x00000000f1a80000,0x00000000f1a80000)
  from space 3072K, 2% used [0x00000000f1d80000,0x00000000f1d90000,0x00000000f2080000)
  to   space 3072K, 0% used [0x00000000f1a80000,0x00000000f1a80000,0x00000000f1d80000)
 ParOldGen       total 44032K, used 4811K [0x00000000c1c00000, 0x00000000c4700000, 0x00000000eb400000)
  object space 44032K, 10% used [0x00000000c1c00000,0x00000000c20b2fa0,0x00000000c4700000)
 Metaspace       used 12086K, capacity 12290K, committed 12672K, reserved 1060864K
  class space    used 1526K, capacity 1573K, committed 1664K, reserved 1048576K
Event: 8.178 GC heap after
Heap after GC invocations=15 (full 0):
 PSYoungGen      total 101376K, used 32K [0x00000000eb400000, 0x00000000f1e00000, 0x0000000100000000)
  eden space 100864K, 0% used [0x00000000eb400000,0x00000000eb400000,0x00000000f1680000)
  from space 512K, 6% used [0x00000000f1a80000,0x00000000f1a88000,0x00000000f1b00000)
  to   space 3072K, 0% used [0x00000000f1b00000,0x00000000f1b00000,0x00000000f1e00000)
 ParOldGen       total 44032K, used 4827K [0x00000000c1c00000, 0x00000000c4700000, 0x00000000eb400000)
  object space 44032K, 10% used [0x00000000c1c00000,0x00000000c20b6fa0,0x00000000c4700000)
 Metaspace       used 12086K, capacity 12290K, committed 12672K, reserved 1060864K
  class space    used 1526K, capacity 1573K, committed 1664K, reserved 1048576K
}
Event: 9.853 GC heap before
{Heap before GC invocations=16 (full 0):
 PSYoungGen      total 101376K, used 100896K [0x00000000eb400000, 0x00000000f1e00000, 0x0000000100000000)
  eden space 100864K, 100% used [0x00000000eb400000,0x00000000f1680000,0x00000000f1680000)
  from space 512K, 6% used [0x00000000f1a80000,0x00000000f1a88000,0x00000000f1b00000)
  to   space 3072K, 0% used [0x00000000f1b00000,0x00000000f1b00000,0x00000000f1e00000)
 ParOldGen       total 44032K, used 4827K [0x00000000c1c00000, 0x00000000c4700000, 0x00000000eb400000)
  object space 44032K, 10% used [0x00000000c1c00000,0x00000000c20b6fa0,0x00000000c4700000)
 Metaspace       used 12150K, capacity 12354K, committed 12672K, reserved 1060864K
  class space    used 1526K, capacity 1573K, committed 1664K, reserved 1048576K
Event: 9.854 GC heap after
Heap after GC invocations=16 (full 0):
 PSYoungGen      total 97280K, used 64K [0x00000000eb400000, 0x00000000f1b80000, 0x0000000100000000)
  eden space 96768K, 0% used [0x00000000eb400000,0x00000000eb400000,0x00000000f1280000)
  from space 512K, 12% used [0x00000000f1b00000,0x00000000f1b10000,0x00000000f1b80000)
  to   space 3072K, 0% used [0x00000000f1580000,0x00000000f1580000,0x00000000f1880000)
 ParOldGen       total 44032K, used 4835K [0x00000000c1c00000, 0x00000000c4700000, 0x00000000eb400000)
  object space 44032K, 10% used [0x00000000c1c00000,0x00000000c20b8fa0,0x00000000c4700000)
 Metaspace       used 12150K, capacity 12354K, committed 12672K, reserved 1060864K
  class space    used 1526K, capacity 1573K, committed 1664K, reserved 1048576K
}

