# JRE version: Java(TM) SE Runtime Environment (8.0_20-b26) (build 1.8.0_20-b26)
# Java VM: Java HotSpot(TM) 64-Bit Server VM (25.20-b23 mixed mode windows-amd64 compressed oops)
Heap:
 PSYoungGen      total 108032K, used 62872K [0x00000000eb400000, 0x00000000f2080000, 0x0000000100000000)
  eden space 104960K, 59% used [0x00000000eb400000,0x00000000ef15e3b8,0x00000000f1a80000)
  from space 3072K, 1% used [0x00000000f1d80000,0x00000000f1d88000,0x00000000f2080000)
  to   space 3072K, 0% used [0x00000000f1a80000,0x00000000f1a80000,0x00000000f1d80000)
 ParOldGen       total 44032K, used 4778K [0x00000000c1c00000, 0x00000000c4700000, 0x00000000eb400000)
  object space 44032K, 10% used [0x00000000c1c00000,0x00000000c20aa940,0x00000000c4700000)
 Metaspace       used 11979K, capacity 12162K, committed 12416K, reserved 1060864K
  class space    used 1526K, capacity 1573K, committed 1664K, reserved 1048576K
GC Heap History (10 events):
Event: 4.644 GC heap before
{Heap before GC invocations=6 (full 0):
 PSYoungGen      total 35328K, used 34560K [0x00000000eb400000, 0x00000000ef900000, 0x0000000100000000)
  eden space 32768K, 100% used [0x00000000eb400000,0x00000000ed400000,0x00000000ed400000)
  from space 2560K, 70% used [0x00000000ed400000,0x00000000ed5c0020,0x00000000ed680000)
  to   space 2560K, 0% used [0x00000000ef680000,0x00000000ef680000,0x00000000ef900000)
 ParOldGen       total 44032K, used 3023K [0x00000000c1c00000, 0x00000000c4700000, 0x00000000eb400000)
  object space 44032K, 6% used [0x00000000c1c00000,0x00000000c1ef3f40,0x00000000c4700000)
 Metaspace       used 11914K, capacity 12098K, committed 12416K, reserved 1060864K
  class space    used 1525K, capacity 1573K, committed 1664K, reserved 1048576K
Event: 4.649 GC heap after
Heap after GC invocations=6 (full 0):
 PSYoungGen      total 68096K, used 1728K [0x00000000eb400000, 0x00000000ef900000, 0x0000000100000000)
  eden space 65536K, 0% used [0x00000000eb400000,0x00000000eb400000,0x00000000ef400000)
  from space 2560K, 67% used [0x00000000ef680000,0x00000000ef830020,0x00000000ef900000)
  to   space 2560K, 0% used [0x00000000ef400000,0x00000000ef400000,0x00000000ef680000)
 ParOldGen       total 44032K, used 3031K [0x00000000c1c00000, 0x00000000c4700000, 0x00000000eb400000)
  object space 44032K, 6% used [0x00000000c1c00000,0x00000000c1ef5f40,0x00000000c4700000)
 Metaspace       used 11914K, capacity 12098K, committed 12416K, reserved 1060864K
  class space    used 1525K, capacity 1573K, committed 1664K, reserved 1048576K
}
Event: 4.894 GC heap before
{Heap before GC invocations=7 (full 0):
 PSYoungGen      total 68096K, used 67264K [0x00000000eb400000, 0x00000000ef900000, 0x0000000100000000)
  eden space 65536K, 100% used [0x00000000eb400000,0x00000000ef400000,0x00000000ef400000)
  from space 2560K, 67% used [0x00000000ef680000,0x00000000ef830020,0x00000000ef900000)
  to   space 2560K, 0% used [0x00000000ef400000,0x00000000ef400000,0x00000000ef680000)
 ParOldGen       total 44032K, used 3031K [0x00000000c1c00000, 0x00000000c4700000, 0x00000000eb400000)
  object space 44032K, 6% used [0x00000000c1c00000,0x00000000c1ef5f40,0x00000000c4700000)
 Metaspace       used 11941K, capacity 12098K, committed 12416K, reserved 1060864K
  class space    used 1526K, capacity 1573K, committed 1664K, reserved 1048576K
Event: 4.902 GC heap after
Heap after GC invocations=7 (full 0):
 PSYoungGen      total 68096K, used 32K [0x00000000eb400000, 0x00000000ef900000, 0x0000000100000000)
  eden space 65536K, 0% used [0x00000000eb400000,0x00000000eb400000,0x00000000ef400000)
  from space 2560K, 1% used [0x00000000ef400000,0x00000000ef408000,0x00000000ef680000)
  to   space 2560K, 0% used [0x00000000ef680000,0x00000000ef680000,0x00000000ef900000)
 ParOldGen       total 44032K, used 4746K [0x00000000c1c00000, 0x00000000c4700000, 0x00000000eb400000)
  object space 44032K, 10% used [0x00000000c1c00000,0x00000000c20a2940,0x00000000c4700000)
 Metaspace       used 11941K, capacity 12098K, committed 12416K, reserved 1060864K
  class space    used 1526K, capacity 1573K, committed 1664K, reserved 1048576K
}
Event: 5.118 GC heap before
{Heap before GC invocations=8 (full 0):
 PSYoungGen      total 68096K, used 65568K [0x00000000eb400000, 0x00000000ef900000, 0x0000000100000000)
  eden space 65536K, 100% used [0x00000000eb400000,0x00000000ef400000,0x00000000ef400000)
  from space 2560K, 1% used [0x00000000ef400000,0x00000000ef408000,0x00000000ef680000)
  to   space 2560K, 0% used [0x00000000ef680000,0x00000000ef680000,0x00000000ef900000)
 ParOldGen       total 44032K, used 4746K [0x00000000c1c00000, 0x00000000c4700000, 0x00000000eb400000)
  object space 44032K, 10% used [0x00000000c1c00000,0x00000000c20a2940,0x00000000c4700000)
 Metaspace       used 11956K, capacity 12162K, committed 12416K, reserved 1060864K
  class space    used 1526K, capacity 1573K, committed 1664K, reserved 1048576K
Event: 5.120 GC heap after
Heap after GC invocations=8 (full 0):
 PSYoungGen      total 68096K, used 64K [0x00000000eb400000, 0x00000000ef900000, 0x0000000100000000)
  eden space 65536K, 0% used [0x00000000eb400000,0x00000000eb400000,0x00000000ef400000)
  from space 2560K, 2% used [0x00000000ef680000,0x00000000ef690000,0x00000000ef900000)
  to   space 2560K, 0% used [0x00000000ef400000,0x00000000ef400000,0x00000000ef680000)
 ParOldGen       total 44032K, used 4754K [0x00000000c1c00000, 0x00000000c4700000, 0x00000000eb400000)
  object space 44032K, 10% used [0x00000000c1c00000,0x00000000c20a4940,0x00000000c4700000)
 Metaspace       used 11956K, capacity 12162K, committed 12416K, reserved 1060864K
  class space    used 1526K, capacity 1573K, committed 1664K, reserved 1048576K
}
Event: 5.459 GC heap before
{Heap before GC invocations=9 (full 0):
 PSYoungGen      total 68096K, used 65600K [0x00000000eb400000, 0x00000000ef900000, 0x0000000100000000)
  eden space 65536K, 100% used [0x00000000eb400000,0x00000000ef400000,0x00000000ef400000)
  from space 2560K, 2% used [0x00000000ef680000,0x00000000ef690000,0x00000000ef900000)
  to   space 2560K, 0% used [0x00000000ef400000,0x00000000ef400000,0x00000000ef680000)
 ParOldGen       total 44032K, used 4754K [0x00000000c1c00000, 0x00000000c4700000, 0x00000000eb400000)
  object space 44032K, 10% used [0x00000000c1c00000,0x00000000c20a4940,0x00000000c4700000)
 Metaspace       used 11958K, capacity 12162K, committed 12416K, reserved 1060864K
  class space    used 1526K, capacity 1573K, committed 1664K, reserved 1048576K
Event: 5.460 GC heap after
Heap after GC invocations=9 (full 0):
 PSYoungGen      total 68096K, used 64K [0x00000000eb400000, 0x00000000f2080000, 0x0000000100000000)
  eden space 65536K, 0% used [0x00000000eb400000,0x00000000eb400000,0x00000000ef400000)
  from space 2560K, 2% used [0x00000000ef400000,0x00000000ef410000,0x00000000ef680000)
  to   space 3072K, 0% used [0x00000000f1d80000,0x00000000f1d80000,0x00000000f2080000)
 ParOldGen       total 44032K, used 4770K [0x00000000c1c00000, 0x00000000c4700000, 0x00000000eb400000)
  object space 44032K, 10% used [0x00000000c1c00000,0x00000000c20a8940,0x00000000c4700000)
 Metaspace       used 11958K, capacity 12162K, committed 12416K, reserved 1060864K
  class space    used 1526K, capacity 1573K, committed 1664K, reserved 1048576K
}
Event: 5.761 GC heap before
{Heap before GC invocations=10 (full 0):
 PSYoungGen      total 68096K, used 65600K [0x00000000eb400000, 0x00000000f2080000, 0x0000000100000000)
  eden space 65536K, 100% used [0x00000000eb400000,0x00000000ef400000,0x00000000ef400000)
  from space 2560K, 2% used [0x00000000ef400000,0x00000000ef410000,0x00000000ef680000)
  to   space 3072K, 0% used [0x00000000f1d80000,0x00000000f1d80000,0x00000000f2080000)
 ParOldGen       total 44032K, used 4770K [0x00000000c1c00000, 0x00000000c4700000, 0x00000000eb400000)
  object space 44032K, 10% used [0x00000000c1c00000,0x00000000c20a8940,0x00000000c4700000)
 Metaspace       used 11966K, capacity 12162K, committed 12416K, reserved 1060864K
  class space    used 1526K, capacity 1573K, committed 1664K, reserved 1048576K
Event: 5.762 GC heap after
Heap after GC invocations=10 (full 0):
 PSYoungGen      total 108032K, used 32K [0x00000000eb400000, 0x00000000f2080000, 0x0000000100000000)
  eden space 104960K, 0% used [0x00000000eb400000,0x00000000eb400000,0x00000000f1a80000)
  from space 3072K, 1% used [0x00000000f1d80000,0x00000000f1d88000,0x00000000f2080000)
  to   space 3072K, 0% used [0x00000000f1a80000,0x00000000f1a80000,0x00000000f1d80000)
 ParOldGen       total 44032K, used 4778K [0x00000000c1c00000, 0x00000000c4700000, 0x00000000eb400000)
  object space 44032K, 10% used [0x00000000c1c00000,0x00000000c20aa940,0x00000000c4700000)
 Metaspace       used 11966K, capacity 12162K, committed 12416K, reserved 1060864K
  class space    used 1526K, capacity 1573K, committed 1664K, reserved 1048576K
}

