# JRE version: Java(TM) SE Runtime Environment (8.0_20-b26) (build 1.8.0_20-b26)
# Java VM: Java HotSpot(TM) 64-Bit Server VM (25.20-b23 mixed mode windows-amd64 compressed oops)
Heap:
 PSYoungGen      total 146944K, used 60772K [0x00000000eb400000, 0x00000000f7a80000, 0x0000000100000000)
  eden space 144384K, 42% used [0x00000000eb400000,0x00000000eef49388,0x00000000f4100000)
  from space 2560K, 2% used [0x00000000f7580000,0x00000000f7590000,0x00000000f7800000)
  to   space 2560K, 0% used [0x00000000f7800000,0x00000000f7800000,0x00000000f7a80000)
 ParOldGen       total 44032K, used 4837K [0x00000000c1c00000, 0x00000000c4700000, 0x00000000eb400000)
  object space 44032K, 10% used [0x00000000c1c00000,0x00000000c20b9658,0x00000000c4700000)
 Metaspace       used 12344K, capacity 12494K, committed 12672K, reserved 1060864K
  class space    used 1535K, capacity 1573K, committed 1664K, reserved 1048576K
GC Heap History (10 events):
Event: 14.279 GC heap before
{Heap before GC invocations=15 (full 0):
 PSYoungGen      total 181248K, used 180768K [0x00000000eb400000, 0x00000000f7f80000, 0x0000000100000000)
  eden space 180736K, 100% used [0x00000000eb400000,0x00000000f6480000,0x00000000f6480000)
  from space 512K, 6% used [0x00000000f7f00000,0x00000000f7f08000,0x00000000f7f80000)
  to   space 3072K, 0% used [0x00000000f7980000,0x00000000f7980000,0x00000000f7c80000)
 ParOldGen       total 44032K, used 4813K [0x00000000c1c00000, 0x00000000c4700000, 0x00000000eb400000)
  object space 44032K, 10% used [0x00000000c1c00000,0x00000000c20b3658,0x00000000c4700000)
 Metaspace       used 12231K, capacity 12422K, committed 12672K, reserved 1060864K
  class space    used 1532K, capacity 1573K, committed 1664K, reserved 1048576K
Event: 14.279 GC heap after
Heap after GC invocations=15 (full 0):
 PSYoungGen      total 175616K, used 32K [0x00000000eb400000, 0x00000000f7f80000, 0x0000000100000000)
  eden space 172544K, 0% used [0x00000000eb400000,0x00000000eb400000,0x00000000f5c80000)
  from space 3072K, 1% used [0x00000000f7980000,0x00000000f7988000,0x00000000f7c80000)
  to   space 3072K, 0% used [0x00000000f7c80000,0x00000000f7c80000,0x00000000f7f80000)
 ParOldGen       total 44032K, used 4813K [0x00000000c1c00000, 0x00000000c4700000, 0x00000000eb400000)
  object space 44032K, 10% used [0x00000000c1c00000,0x00000000c20b3658,0x00000000c4700000)
 Metaspace       used 12231K, capacity 12422K, committed 12672K, reserved 1060864K
  class space    used 1532K, capacity 1573K, committed 1664K, reserved 1048576K
}
Event: 14.914 GC heap before
{Heap before GC invocations=16 (full 0):
 PSYoungGen      total 175616K, used 172576K [0x00000000eb400000, 0x00000000f7f80000, 0x0000000100000000)
  eden space 172544K, 100% used [0x00000000eb400000,0x00000000f5c80000,0x00000000f5c80000)
  from space 3072K, 1% used [0x00000000f7980000,0x00000000f7988000,0x00000000f7c80000)
  to   space 3072K, 0% used [0x00000000f7c80000,0x00000000f7c80000,0x00000000f7f80000)
 ParOldGen       total 44032K, used 4813K [0x00000000c1c00000, 0x00000000c4700000, 0x00000000eb400000)
  object space 44032K, 10% used [0x00000000c1c00000,0x00000000c20b3658,0x00000000c4700000)
 Metaspace       used 12231K, capacity 12422K, committed 12672K, reserved 1060864K
  class space    used 1532K, capacity 1573K, committed 1664K, reserved 1048576K
Event: 14.916 GC heap after
Heap after GC invocations=16 (full 0):
 PSYoungGen      total 165376K, used 32K [0x00000000eb400000, 0x00000000f7d00000, 0x0000000100000000)
  eden space 164864K, 0% used [0x00000000eb400000,0x00000000eb400000,0x00000000f5500000)
  from space 512K, 6% used [0x00000000f7c80000,0x00000000f7c88000,0x00000000f7d00000)
  to   space 3072K, 0% used [0x00000000f7700000,0x00000000f7700000,0x00000000f7a00000)
 ParOldGen       total 44032K, used 4813K [0x00000000c1c00000, 0x00000000c4700000, 0x00000000eb400000)
  object space 44032K, 10% used [0x00000000c1c00000,0x00000000c20b3658,0x00000000c4700000)
 Metaspace       used 12231K, capacity 12422K, committed 12672K, reserved 1060864K
  class space    used 1532K, capacity 1573K, committed 1664K, reserved 1048576K
}
Event: 15.228 GC heap before
{Heap before GC invocations=17 (full 0):
 PSYoungGen      total 165376K, used 164896K [0x00000000eb400000, 0x00000000f7d00000, 0x0000000100000000)
  eden space 164864K, 100% used [0x00000000eb400000,0x00000000f5500000,0x00000000f5500000)
  from space 512K, 6% used [0x00000000f7c80000,0x00000000f7c88000,0x00000000f7d00000)
  to   space 3072K, 0% used [0x00000000f7700000,0x00000000f7700000,0x00000000f7a00000)
 ParOldGen       total 44032K, used 4813K [0x00000000c1c00000, 0x00000000c4700000, 0x00000000eb400000)
  object space 44032K, 10% used [0x00000000c1c00000,0x00000000c20b3658,0x00000000c4700000)
 Metaspace       used 12231K, capacity 12422K, committed 12672K, reserved 1060864K
  class space    used 1532K, capacity 1573K, committed 1664K, reserved 1048576K
Event: 15.229 GC heap after
Heap after GC invocations=17 (full 0):
 PSYoungGen      total 160768K, used 32K [0x00000000eb400000, 0x00000000f7d00000, 0x0000000100000000)
  eden space 157696K, 0% used [0x00000000eb400000,0x00000000eb400000,0x00000000f4e00000)
  from space 3072K, 1% used [0x00000000f7700000,0x00000000f7708000,0x00000000f7a00000)
  to   space 3072K, 0% used [0x00000000f7a00000,0x00000000f7a00000,0x00000000f7d00000)
 ParOldGen       total 44032K, used 4813K [0x00000000c1c00000, 0x00000000c4700000, 0x00000000eb400000)
  object space 44032K, 10% used [0x00000000c1c00000,0x00000000c20b3658,0x00000000c4700000)
 Metaspace       used 12231K, capacity 12422K, committed 12672K, reserved 1060864K
  class space    used 1532K, capacity 1573K, committed 1664K, reserved 1048576K
}
Event: 23.553 GC heap before
{Heap before GC invocations=18 (full 0):
 PSYoungGen      total 160768K, used 157728K [0x00000000eb400000, 0x00000000f7d00000, 0x0000000100000000)
  eden space 157696K, 100% used [0x00000000eb400000,0x00000000f4e00000,0x00000000f4e00000)
  from space 3072K, 1% used [0x00000000f7700000,0x00000000f7708000,0x00000000f7a00000)
  to   space 3072K, 0% used [0x00000000f7a00000,0x00000000f7a00000,0x00000000f7d00000)
 ParOldGen       total 44032K, used 4813K [0x00000000c1c00000, 0x00000000c4700000, 0x00000000eb400000)
  object space 44032K, 10% used [0x00000000c1c00000,0x00000000c20b3658,0x00000000c4700000)
 Metaspace       used 12308K, capacity 12494K, committed 12672K, reserved 1060864K
  class space    used 1534K, capacity 1573K, committed 1664K, reserved 1048576K
Event: 23.556 GC heap after
Heap after GC invocations=18 (full 0):
 PSYoungGen      total 151552K, used 32K [0x00000000eb400000, 0x00000000f7a80000, 0x0000000100000000)
  eden space 151040K, 0% used [0x00000000eb400000,0x00000000eb400000,0x00000000f4780000)
  from space 512K, 6% used [0x00000000f7a00000,0x00000000f7a08000,0x00000000f7a80000)
  to   space 2560K, 0% used [0x00000000f7580000,0x00000000f7580000,0x00000000f7800000)
 ParOldGen       total 44032K, used 4813K [0x00000000c1c00000, 0x00000000c4700000, 0x00000000eb400000)
  object space 44032K, 10% used [0x00000000c1c00000,0x00000000c20b3658,0x00000000c4700000)
 Metaspace       used 12308K, capacity 12494K, committed 12672K, reserved 1060864K
  class space    used 1534K, capacity 1573K, committed 1664K, reserved 1048576K
}
Event: 33.612 GC heap before
{Heap before GC invocations=19 (full 0):
 PSYoungGen      total 151552K, used 151072K [0x00000000eb400000, 0x00000000f7a80000, 0x0000000100000000)
  eden space 151040K, 100% used [0x00000000eb400000,0x00000000f4780000,0x00000000f4780000)
  from space 512K, 6% used [0x00000000f7a00000,0x00000000f7a08000,0x00000000f7a80000)
  to   space 2560K, 0% used [0x00000000f7580000,0x00000000f7580000,0x00000000f7800000)
 ParOldGen       total 44032K, used 4813K [0x00000000c1c00000, 0x00000000c4700000, 0x00000000eb400000)
  object space 44032K, 10% used [0x00000000c1c00000,0x00000000c20b3658,0x00000000c4700000)
 Metaspace       used 12334K, capacity 12494K, committed 12672K, reserved 1060864K
  class space    used 1534K, capacity 1573K, committed 1664K, reserved 1048576K
Event: 33.613 GC heap after
Heap after GC invocations=19 (full 0):
 PSYoungGen      total 146944K, used 64K [0x00000000eb400000, 0x00000000f7a80000, 0x0000000100000000)
  eden space 144384K, 0% used [0x00000000eb400000,0x00000000eb400000,0x00000000f4100000)
  from space 2560K, 2% used [0x00000000f7580000,0x00000000f7590000,0x00000000f7800000)
  to   space 2560K, 0% used [0x00000000f7800000,0x00000000f7800000,0x00000000f7a80000)
 ParOldGen       total 44032K, used 4837K [0x00000000c1c00000, 0x00000000c4700000, 0x00000000eb400000)
  object space 44032K, 10% used [0x00000000c1c00000,0x00000000c20b9658,0x00000000c4700000)
 Metaspace       used 12334K, capacity 12494K, committed 12672K, reserved 1060864K
  class space    used 1534K, capacity 1573K, committed 1664K, reserved 1048576K
}

