# JRE version: Java(TM) SE Runtime Environment (8.0_20-b26) (build 1.8.0_20-b26)
# Java VM: Java HotSpot(TM) 64-Bit Server VM (25.20-b23 mixed mode windows-amd64 compressed oops)
Heap:
 PSYoungGen      total 133632K, used 121676K [0x00000000eb400000, 0x00000000f8600000, 0x0000000100000000)
  eden space 130560K, 93% used [0x00000000eb400000,0x00000000f2ac3220,0x00000000f3380000)
  from space 3072K, 2% used [0x00000000f3380000,0x00000000f3390000,0x00000000f3680000)
  to   space 3072K, 0% used [0x00000000f8300000,0x00000000f8300000,0x00000000f8600000)
 ParOldGen       total 44032K, used 4798K [0x00000000c1c00000, 0x00000000c4700000, 0x00000000eb400000)
  object space 44032K, 10% used [0x00000000c1c00000,0x00000000c20af930,0x00000000c4700000)
 Metaspace       used 12069K, capacity 12230K, committed 12416K, reserved 1060864K
  class space    used 1530K, capacity 1573K, committed 1664K, reserved 1048576K
GC Heap History (10 events):
Event: 4.872 GC heap before
{Heap before GC invocations=5 (full 0):
 PSYoungGen      total 35328K, used 34806K [0x00000000eb400000, 0x00000000ed900000, 0x0000000100000000)
  eden space 32768K, 100% used [0x00000000eb400000,0x00000000ed400000,0x00000000ed400000)
  from space 2560K, 79% used [0x00000000ed680000,0x00000000ed87d928,0x00000000ed900000)
  to   space 2560K, 0% used [0x00000000ed400000,0x00000000ed400000,0x00000000ed680000)
 ParOldGen       total 44032K, used 32K [0x00000000c1c00000, 0x00000000c4700000, 0x00000000eb400000)
  object space 44032K, 0% used [0x00000000c1c00000,0x00000000c1c08000,0x00000000c4700000)
 Metaspace       used 11947K, capacity 12102K, committed 12416K, reserved 1060864K
  class space    used 1529K, capacity 1573K, committed 1664K, reserved 1048576K
Event: 4.882 GC heap after
Heap after GC invocations=5 (full 0):
 PSYoungGen      total 35328K, used 1776K [0x00000000eb400000, 0x00000000ef900000, 0x0000000100000000)
  eden space 32768K, 0% used [0x00000000eb400000,0x00000000eb400000,0x00000000ed400000)
  from space 2560K, 69% used [0x00000000ed400000,0x00000000ed5bc010,0x00000000ed680000)
  to   space 2560K, 0% used [0x00000000ef680000,0x00000000ef680000,0x00000000ef900000)
 ParOldGen       total 44032K, used 3031K [0x00000000c1c00000, 0x00000000c4700000, 0x00000000eb400000)
  object space 44032K, 6% used [0x00000000c1c00000,0x00000000c1ef5f40,0x00000000c4700000)
 Metaspace       used 11947K, capacity 12102K, committed 12416K, reserved 1060864K
  class space    used 1529K, capacity 1573K, committed 1664K, reserved 1048576K
}
Event: 5.025 GC heap before
{Heap before GC invocations=6 (full 0):
 PSYoungGen      total 35328K, used 34544K [0x00000000eb400000, 0x00000000ef900000, 0x0000000100000000)
  eden space 32768K, 100% used [0x00000000eb400000,0x00000000ed400000,0x00000000ed400000)
  from space 2560K, 69% used [0x00000000ed400000,0x00000000ed5bc010,0x00000000ed680000)
  to   space 2560K, 0% used [0x00000000ef680000,0x00000000ef680000,0x00000000ef900000)
 ParOldGen       total 44032K, used 3031K [0x00000000c1c00000, 0x00000000c4700000, 0x00000000eb400000)
  object space 44032K, 6% used [0x00000000c1c00000,0x00000000c1ef5f40,0x00000000c4700000)
 Metaspace       used 11960K, capacity 12166K, committed 12416K, reserved 1060864K
  class space    used 1529K, capacity 1573K, committed 1664K, reserved 1048576K
Event: 5.029 GC heap after
Heap after GC invocations=6 (full 0):
 PSYoungGen      total 68096K, used 1744K [0x00000000eb400000, 0x00000000ef900000, 0x0000000100000000)
  eden space 65536K, 0% used [0x00000000eb400000,0x00000000eb400000,0x00000000ef400000)
  from space 2560K, 68% used [0x00000000ef680000,0x00000000ef834010,0x00000000ef900000)
  to   space 2560K, 0% used [0x00000000ef400000,0x00000000ef400000,0x00000000ef680000)
 ParOldGen       total 44032K, used 3039K [0x00000000c1c00000, 0x00000000c4700000, 0x00000000eb400000)
  object space 44032K, 6% used [0x00000000c1c00000,0x00000000c1ef7f40,0x00000000c4700000)
 Metaspace       used 11960K, capacity 12166K, committed 12416K, reserved 1060864K
  class space    used 1529K, capacity 1573K, committed 1664K, reserved 1048576K
}
Event: 5.718 GC heap before
{Heap before GC invocations=7 (full 0):
 PSYoungGen      total 68096K, used 67280K [0x00000000eb400000, 0x00000000ef900000, 0x0000000100000000)
  eden space 65536K, 100% used [0x00000000eb400000,0x00000000ef400000,0x00000000ef400000)
  from space 2560K, 68% used [0x00000000ef680000,0x00000000ef834010,0x00000000ef900000)
  to   space 2560K, 0% used [0x00000000ef400000,0x00000000ef400000,0x00000000ef680000)
 ParOldGen       total 44032K, used 3039K [0x00000000c1c00000, 0x00000000c4700000, 0x00000000eb400000)
  object space 44032K, 6% used [0x00000000c1c00000,0x00000000c1ef7f40,0x00000000c4700000)
 Metaspace       used 12001K, capacity 12166K, committed 12416K, reserved 1060864K
  class space    used 1530K, capacity 1573K, committed 1664K, reserved 1048576K
Event: 5.723 GC heap after
Heap after GC invocations=7 (full 0):
 PSYoungGen      total 68096K, used 64K [0x00000000eb400000, 0x00000000f3900000, 0x0000000100000000)
  eden space 65536K, 0% used [0x00000000eb400000,0x00000000eb400000,0x00000000ef400000)
  from space 2560K, 2% used [0x00000000ef400000,0x00000000ef410000,0x00000000ef680000)
  to   space 2560K, 0% used [0x00000000f3680000,0x00000000f3680000,0x00000000f3900000)
 ParOldGen       total 44032K, used 4766K [0x00000000c1c00000, 0x00000000c4700000, 0x00000000eb400000)
  object space 44032K, 10% used [0x00000000c1c00000,0x00000000c20a7930,0x00000000c4700000)
 Metaspace       used 12001K, capacity 12166K, committed 12416K, reserved 1060864K
  class space    used 1530K, capacity 1573K, committed 1664K, reserved 1048576K
}
Event: 7.132 GC heap before
{Heap before GC invocations=8 (full 0):
 PSYoungGen      total 68096K, used 65600K [0x00000000eb400000, 0x00000000f3900000, 0x0000000100000000)
  eden space 65536K, 100% used [0x00000000eb400000,0x00000000ef400000,0x00000000ef400000)
  from space 2560K, 2% used [0x00000000ef400000,0x00000000ef410000,0x00000000ef680000)
  to   space 2560K, 0% used [0x00000000f3680000,0x00000000f3680000,0x00000000f3900000)
 ParOldGen       total 44032K, used 4766K [0x00000000c1c00000, 0x00000000c4700000, 0x00000000eb400000)
  object space 44032K, 10% used [0x00000000c1c00000,0x00000000c20a7930,0x00000000c4700000)
 Metaspace       used 12039K, capacity 12230K, committed 12416K, reserved 1060864K
  class space    used 1530K, capacity 1573K, committed 1664K, reserved 1048576K
Event: 7.133 GC heap after
Heap after GC invocations=8 (full 0):
 PSYoungGen      total 133120K, used 64K [0x00000000eb400000, 0x00000000f3a00000, 0x0000000100000000)
  eden space 130560K, 0% used [0x00000000eb400000,0x00000000eb400000,0x00000000f3380000)
  from space 2560K, 2% used [0x00000000f3680000,0x00000000f3690000,0x00000000f3900000)
  to   space 3072K, 0% used [0x00000000f3380000,0x00000000f3380000,0x00000000f3680000)
 ParOldGen       total 44032K, used 4782K [0x00000000c1c00000, 0x00000000c4700000, 0x00000000eb400000)
  object space 44032K, 10% used [0x00000000c1c00000,0x00000000c20ab930,0x00000000c4700000)
 Metaspace       used 12039K, capacity 12230K, committed 12416K, reserved 1060864K
  class space    used 1530K, capacity 1573K, committed 1664K, reserved 1048576K
}
Event: 11.778 GC heap before
{Heap before GC invocations=9 (full 0):
 PSYoungGen      total 133120K, used 130624K [0x00000000eb400000, 0x00000000f3a00000, 0x0000000100000000)
  eden space 130560K, 100% used [0x00000000eb400000,0x00000000f3380000,0x00000000f3380000)
  from space 2560K, 2% used [0x00000000f3680000,0x00000000f3690000,0x00000000f3900000)
  to   space 3072K, 0% used [0x00000000f3380000,0x00000000f3380000,0x00000000f3680000)
 ParOldGen       total 44032K, used 4782K [0x00000000c1c00000, 0x00000000c4700000, 0x00000000eb400000)
  object space 44032K, 10% used [0x00000000c1c00000,0x00000000c20ab930,0x00000000c4700000)
 Metaspace       used 12068K, capacity 12230K, committed 12416K, reserved 1060864K
  class space    used 1530K, capacity 1573K, committed 1664K, reserved 1048576K
Event: 11.779 GC heap after
Heap after GC invocations=9 (full 0):
 PSYoungGen      total 133632K, used 64K [0x00000000eb400000, 0x00000000f8600000, 0x0000000100000000)
  eden space 130560K, 0% used [0x00000000eb400000,0x00000000eb400000,0x00000000f3380000)
  from space 3072K, 2% used [0x00000000f3380000,0x00000000f3390000,0x00000000f3680000)
  to   space 3072K, 0% used [0x00000000f8300000,0x00000000f8300000,0x00000000f8600000)
 ParOldGen       total 44032K, used 4798K [0x00000000c1c00000, 0x00000000c4700000, 0x00000000eb400000)
  object space 44032K, 10% used [0x00000000c1c00000,0x00000000c20af930,0x00000000c4700000)
 Metaspace       used 12068K, capacity 12230K, committed 12416K, reserved 1060864K
  class space    used 1530K, capacity 1573K, committed 1664K, reserved 1048576K
}

