# JRE version: Java(TM) SE Runtime Environment (8.0_20-b26) (build 1.8.0_20-b26)
# Java VM: Java HotSpot(TM) 64-Bit Server VM (25.20-b23 mixed mode windows-amd64 compressed oops)
Heap:
 PSYoungGen      total 160256K, used 37441K [0x00000000eb400000, 0x00000000f5100000, 0x0000000100000000)
  eden space 159744K, 23% used [0x00000000eb400000,0x00000000ed856ce8,0x00000000f5000000)
  from space 512K, 44% used [0x00000000f5000000,0x00000000f5039958,0x00000000f5080000)
  to   space 512K, 0% used [0x00000000f5080000,0x00000000f5080000,0x00000000f5100000)
 ParOldGen       total 44032K, used 2498K [0x00000000c1c00000, 0x00000000c4700000, 0x00000000eb400000)
  object space 44032K, 5% used [0x00000000c1c00000,0x00000000c1e70a00,0x00000000c4700000)
 Metaspace       used 11553K, capacity 11698K, committed 11904K, reserved 1058816K
  class space    used 1482K, capacity 1541K, committed 1664K, reserved 1048576K
GC Heap History (10 events):
Event: 13.043 GC heap before
{Heap before GC invocations=141 (full 0):
 PSYoungGen      total 160256K, used 159822K [0x00000000eb400000, 0x00000000f5100000, 0x0000000100000000)
  eden space 159744K, 99% used [0x00000000eb400000,0x00000000f4fdb080,0x00000000f5000000)
  from space 512K, 44% used [0x00000000f5080000,0x00000000f50b8990,0x00000000f5100000)
  to   space 512K, 0% used [0x00000000f5000000,0x00000000f5000000,0x00000000f5080000)
 ParOldGen       total 44032K, used 2474K [0x00000000c1c00000, 0x00000000c4700000, 0x00000000eb400000)
  object space 44032K, 5% used [0x00000000c1c00000,0x00000000c1e6aa00,0x00000000c4700000)
 Metaspace       used 11553K, capacity 11698K, committed 11904K, reserved 1058816K
  class space    used 1482K, capacity 1541K, committed 1664K, reserved 1048576K
Event: 13.044 GC heap after
Heap after GC invocations=141 (full 0):
 PSYoungGen      total 160256K, used 259K [0x00000000eb400000, 0x00000000f5100000, 0x0000000100000000)
  eden space 159744K, 0% used [0x00000000eb400000,0x00000000eb400000,0x00000000f5000000)
  from space 512K, 50% used [0x00000000f5000000,0x00000000f5040cc0,0x00000000f5080000)
  to   space 512K, 0% used [0x00000000f5080000,0x00000000f5080000,0x00000000f5100000)
 ParOldGen       total 44032K, used 2482K [0x00000000c1c00000, 0x00000000c4700000, 0x00000000eb400000)
  object space 44032K, 5% used [0x00000000c1c00000,0x00000000c1e6ca00,0x00000000c4700000)
 Metaspace       used 11553K, capacity 11698K, committed 11904K, reserved 1058816K
  class space    used 1482K, capacity 1541K, committed 1664K, reserved 1048576K
}
Event: 13.087 GC heap before
{Heap before GC invocations=142 (full 0):
 PSYoungGen      total 160256K, used 159826K [0x00000000eb400000, 0x00000000f5100000, 0x0000000100000000)
  eden space 159744K, 99% used [0x00000000eb400000,0x00000000f4fd3e20,0x00000000f5000000)
  from space 512K, 50% used [0x00000000f5000000,0x00000000f5040cc0,0x00000000f5080000)
  to   space 512K, 0% used [0x00000000f5080000,0x00000000f5080000,0x00000000f5100000)
 ParOldGen       total 44032K, used 2482K [0x00000000c1c00000, 0x00000000c4700000, 0x00000000eb400000)
  object space 44032K, 5% used [0x00000000c1c00000,0x00000000c1e6ca00,0x00000000c4700000)
 Metaspace       used 11553K, capacity 11698K, committed 11904K, reserved 1058816K
  class space    used 1482K, capacity 1541K, committed 1664K, reserved 1048576K
Event: 13.088 GC heap after
Heap after GC invocations=142 (full 0):
 PSYoungGen      total 160256K, used 227K [0x00000000eb400000, 0x00000000f5100000, 0x0000000100000000)
  eden space 159744K, 0% used [0x00000000eb400000,0x00000000eb400000,0x00000000f5000000)
  from space 512K, 44% used [0x00000000f5080000,0x00000000f50b8ff0,0x00000000f5100000)
  to   space 512K, 0% used [0x00000000f5000000,0x00000000f5000000,0x00000000f5080000)
 ParOldGen       total 44032K, used 2498K [0x00000000c1c00000, 0x00000000c4700000, 0x00000000eb400000)
  object space 44032K, 5% used [0x00000000c1c00000,0x00000000c1e70a00,0x00000000c4700000)
 Metaspace       used 11553K, capacity 11698K, committed 11904K, reserved 1058816K
  class space    used 1482K, capacity 1541K, committed 1664K, reserved 1048576K
}
Event: 13.127 GC heap before
{Heap before GC invocations=143 (full 0):
 PSYoungGen      total 160256K, used 159971K [0x00000000eb400000, 0x00000000f5100000, 0x0000000100000000)
  eden space 159744K, 100% used [0x00000000eb400000,0x00000000f5000000,0x00000000f5000000)
  from space 512K, 44% used [0x00000000f5080000,0x00000000f50b8ff0,0x00000000f5100000)
  to   space 512K, 0% used [0x00000000f5000000,0x00000000f5000000,0x00000000f5080000)
 ParOldGen       total 44032K, used 2498K [0x00000000c1c00000, 0x00000000c4700000, 0x00000000eb400000)
  object space 44032K, 5% used [0x00000000c1c00000,0x00000000c1e70a00,0x00000000c4700000)
 Metaspace       used 11553K, capacity 11698K, committed 11904K, reserved 1058816K
  class space    used 1482K, capacity 1541K, committed 1664K, reserved 1048576K
Event: 13.128 GC heap after
Heap after GC invocations=143 (full 0):
 PSYoungGen      total 160256K, used 228K [0x00000000eb400000, 0x00000000f5100000, 0x0000000100000000)
  eden space 159744K, 0% used [0x00000000eb400000,0x00000000eb400000,0x00000000f5000000)
  from space 512K, 44% used [0x00000000f5000000,0x00000000f5039310,0x00000000f5080000)
  to   space 512K, 0% used [0x00000000f5080000,0x00000000f5080000,0x00000000f5100000)
 ParOldGen       total 44032K, used 2498K [0x00000000c1c00000, 0x00000000c4700000, 0x00000000eb400000)
  object space 44032K, 5% used [0x00000000c1c00000,0x00000000c1e70a00,0x00000000c4700000)
 Metaspace       used 11553K, capacity 11698K, committed 11904K, reserved 1058816K
  class space    used 1482K, capacity 1541K, committed 1664K, reserved 1048576K
}
Event: 13.167 GC heap before
{Heap before GC invocations=144 (full 0):
 PSYoungGen      total 160256K, used 159972K [0x00000000eb400000, 0x00000000f5100000, 0x0000000100000000)
  eden space 159744K, 100% used [0x00000000eb400000,0x00000000f5000000,0x00000000f5000000)
  from space 512K, 44% used [0x00000000f5000000,0x00000000f5039310,0x00000000f5080000)
  to   space 512K, 0% used [0x00000000f5080000,0x00000000f5080000,0x00000000f5100000)
 ParOldGen       total 44032K, used 2498K [0x00000000c1c00000, 0x00000000c4700000, 0x00000000eb400000)
  object space 44032K, 5% used [0x00000000c1c00000,0x00000000c1e70a00,0x00000000c4700000)
 Metaspace       used 11553K, capacity 11698K, committed 11904K, reserved 1058816K
  class space    used 1482K, capacity 1541K, committed 1664K, reserved 1048576K
Event: 13.168 GC heap after
Heap after GC invocations=144 (full 0):
 PSYoungGen      total 160256K, used 229K [0x00000000eb400000, 0x00000000f5100000, 0x0000000100000000)
  eden space 159744K, 0% used [0x00000000eb400000,0x00000000eb400000,0x00000000f5000000)
  from space 512K, 44% used [0x00000000f5080000,0x00000000f50b9630,0x00000000f5100000)
  to   space 512K, 0% used [0x00000000f5000000,0x00000000f5000000,0x00000000f5080000)
 ParOldGen       total 44032K, used 2498K [0x00000000c1c00000, 0x00000000c4700000, 0x00000000eb400000)
  object space 44032K, 5% used [0x00000000c1c00000,0x00000000c1e70a00,0x00000000c4700000)
 Metaspace       used 11553K, capacity 11698K, committed 11904K, reserved 1058816K
  class space    used 1482K, capacity 1541K, committed 1664K, reserved 1048576K
}
Event: 13.211 GC heap before
{Heap before GC invocations=145 (full 0):
 PSYoungGen      total 160256K, used 159973K [0x00000000eb400000, 0x00000000f5100000, 0x0000000100000000)
  eden space 159744K, 100% used [0x00000000eb400000,0x00000000f5000000,0x00000000f5000000)
  from space 512K, 44% used [0x00000000f5080000,0x00000000f50b9630,0x00000000f5100000)
  to   space 512K, 0% used [0x00000000f5000000,0x00000000f5000000,0x00000000f5080000)
 ParOldGen       total 44032K, used 2498K [0x00000000c1c00000, 0x00000000c4700000, 0x00000000eb400000)
  object space 44032K, 5% used [0x00000000c1c00000,0x00000000c1e70a00,0x00000000c4700000)
 Metaspace       used 11553K, capacity 11698K, committed 11904K, reserved 1058816K
  class space    used 1482K, capacity 1541K, committed 1664K, reserved 1048576K
Event: 13.213 GC heap after
Heap after GC invocations=145 (full 0):
 PSYoungGen      total 160256K, used 230K [0x00000000eb400000, 0x00000000f5100000, 0x0000000100000000)
  eden space 159744K, 0% used [0x00000000eb400000,0x00000000eb400000,0x00000000f5000000)
  from space 512K, 44% used [0x00000000f5000000,0x00000000f5039958,0x00000000f5080000)
  to   space 512K, 0% used [0x00000000f5080000,0x00000000f5080000,0x00000000f5100000)
 ParOldGen       total 44032K, used 2498K [0x00000000c1c00000, 0x00000000c4700000, 0x00000000eb400000)
  object space 44032K, 5% used [0x00000000c1c00000,0x00000000c1e70a00,0x00000000c4700000)
 Metaspace       used 11553K, capacity 11698K, committed 11904K, reserved 1058816K
  class space    used 1482K, capacity 1541K, committed 1664K, reserved 1048576K
}

